<?xml version="1.0" encoding="UTF-8"?>
<testng-results ignored="0" total="1" passed="1" failed="0" skipped="0">
  <reporter-output>
  </reporter-output>
  <suite started-at="2025-02-27T23:30:56Z" name="Default suite" finished-at="2025-02-27T23:30:57Z" duration-ms="1288">
    <groups>
    </groups>
    <test started-at="2025-02-27T23:30:56Z" name="Default test" finished-at="2025-02-27T23:30:57Z" duration-ms="1288">
      <class name="Pruebas.Laboratorio6_E2">
        <test-method is-config="true" signature="setUP()[pri:0, instance:Pruebas.Laboratorio6_E2@6c2ed0cd]" started-at="2025-02-27T20:30:48Z" name="setUP" finished-at="2025-02-27T20:30:56Z" duration-ms="7475" status="PASS">
          <reporter-output>
          </reporter-output>
        </test-method> <!-- setUP -->
        <test-method signature="verNavegadorIncognito()[pri:0, instance:Pruebas.Laboratorio6_E2@6c2ed0cd]" started-at="2025-02-27T20:30:56Z" name="verNavegadorIncognito" finished-at="2025-02-27T20:30:57Z" duration-ms="1277" status="PASS">
          <reporter-output>
          </reporter-output>
        </test-method> <!-- verNavegadorIncognito -->
      </class> <!-- Pruebas.Laboratorio6_E2 -->
    </test> <!-- Default test -->
  </suite> <!-- Default suite -->
</testng-results>
